<?xml version="1.0" encoding="UTF-8"?>
<testng-results ignored="0" total="1" passed="1" failed="0" skipped="0">
  <reporter-output>
  </reporter-output>
  <suite started-at="2023-10-04T17:36:28 IST" name="Surefire suite" finished-at="2023-10-04T17:36:34 IST" duration-ms="5674">
    <groups>
    </groups>
    <test started-at="2023-10-04T17:36:28 IST" name="Surefire test" finished-at="2023-10-04T17:36:34 IST" duration-ms="5674">
      <class name="jenkinsMavenIntegration.SampleTestCase">
        <test-method signature="lauchBrowser(java.lang.String)[pri:0, instance:jenkinsMavenIntegration.SampleTestCase@15bbf42f]" started-at="2023-10-04T17:36:28 IST" name="lauchBrowser" finished-at="2023-10-04T17:36:34 IST" duration-ms="5622" status="PASS">
          <params>
            <param index="0">
              <value>
                <![CDATA[Chrome]]>
              </value>
            </param>
          </params>
          <reporter-output>
          </reporter-output>
        </test-method> <!-- lauchBrowser -->
      </class> <!-- jenkinsMavenIntegration.SampleTestCase -->
    </test> <!-- Surefire test -->
  </suite> <!-- Surefire suite -->
</testng-results>
