<?xml version="1.0" encoding="UTF-8"?>
<testng-results ignored="0" total="1" passed="1" failed="0" skipped="0">
  <reporter-output>
  </reporter-output>
  <suite started-at="2023-10-04T17:28:16 IST" name="Default suite" finished-at="2023-10-04T17:28:21 IST" duration-ms="5802">
    <groups>
    </groups>
    <test started-at="2023-10-04T17:28:16 IST" name="Default test" finished-at="2023-10-04T17:28:21 IST" duration-ms="5802">
      <class name="jenkinsMavenIntegration.SampleTestCase">
        <test-method signature="lauchBrowser(java.lang.String)[pri:0, instance:jenkinsMavenIntegration.SampleTestCase@76a4ebf2]" started-at="2023-10-04T17:28:16 IST" name="lauchBrowser" finished-at="2023-10-04T17:28:21 IST" duration-ms="5730" status="PASS">
          <params>
            <param index="0">
              <value>
                <![CDATA[Chrome]]>
              </value>
            </param>
          </params>
          <reporter-output>
          </reporter-output>
        </test-method> <!-- lauchBrowser -->
      </class> <!-- jenkinsMavenIntegration.SampleTestCase -->
    </test> <!-- Default test -->
  </suite> <!-- Default suite -->
</testng-results>
